Vivado Simulator 2020.2
Copyright 1986-1999, 2001-2020 Xilinx, Inc. All Rights Reserved.
Running: D:/Xilinx_2020/Vivado/2020.2/bin/unwrapped/win64.o/xelab.exe -wto c5467965350f4d7d82dac5abfb94edfe --incr --debug typical --relax --mt 2 -L xil_defaultlib -L uvm -L unisims_ver -L unimacro_ver -L secureip --snapshot tb_top_behav xil_defaultlib.tb_top xil_defaultlib.glbl -log elaborate.log 
Using 2 slave threads.
Starting static elaboration
Pass Through NonSizing Optimizer
Completed static elaboration
Starting simulation data flow analysis
Completed simulation data flow analysis
Time Resolution for simulation is 1ps
Compiling module xil_defaultlib.counter_6b
Compiling module xil_defaultlib.reg_6b
Compiling module xil_defaultlib.vowel_checker_struct
Compiling module xil_defaultlib.ram_64x8b
Compiling module xil_defaultlib.demux
Compiling module xil_defaultlib.pass_check_fsm
Compiling module xil_defaultlib.top
Compiling module xil_defaultlib.tb_top
Compiling module xil_defaultlib.glbl
Built simulation snapshot tb_top_behav
